app/build/intermediates/manifest_merge_blame_file/debug/manifest-merger-blame-debug-report.txt
1<?xml version="1.0" encoding="utf-8"?>
2<manifest xmlns:android="http://schemas.android.com/apk/res/android"
3    package="com.superzhan.android.mvvmcore"
4    android:versionCode="1"
5    android:versionName="1.0" >
6
7    <uses-sdk
8        android:minSdkVersion="21"
8-->src\main\AndroidManifest.xml
9        android:targetSdkVersion="30" />
9-->src\main\AndroidManifest.xml
10
11    <!-- Permission will be merged into the manifest of the hosting app. -->
12    <!-- Is required to launch foreground extraction service for targetSdkVersion 28+. -->
13    <uses-permission android:name="android.permission.FOREGROUND_SERVICE" />
13-->[com.google.android.play:core:1.9.1] AndroidManifest.xml:8:3-74
13-->[com.google.android.play:core:1.9.1] AndroidManifest.xml:8:20-72
14
15    <application
15-->src\main\AndroidManifest.xml:5:5-11:49
16        android:allowBackup="true"
16-->src\main\AndroidManifest.xml:6:9-35
17        android:appComponentFactory="androidx.core.app.CoreComponentFactory"
17-->[androidx.core:core:1.5.0-beta01] AndroidManifest.xml:24:18-86
18        android:debuggable="true"
19        android:icon="@mipmap/ic_launcher"
19-->src\main\AndroidManifest.xml:7:9-43
20        android:label="@string/app_name"
20-->src\main\AndroidManifest.xml:8:9-41
21        android:roundIcon="@mipmap/ic_launcher_round"
21-->src\main\AndroidManifest.xml:9:9-54
22        android:supportsRtl="true"
22-->src\main\AndroidManifest.xml:10:9-35
23        android:theme="@style/Theme.MvvmCore" >
23-->src\main\AndroidManifest.xml:11:9-46
24        <provider
24-->[androidx.lifecycle:lifecycle-process:2.3.0] AndroidManifest.xml:25:9-29:43
25            android:name="androidx.lifecycle.ProcessLifecycleOwnerInitializer"
25-->[androidx.lifecycle:lifecycle-process:2.3.0] AndroidManifest.xml:26:13-79
26            android:authorities="com.superzhan.android.mvvmcore.lifecycle-process"
26-->[androidx.lifecycle:lifecycle-process:2.3.0] AndroidManifest.xml:27:13-69
27            android:exported="false"
27-->[androidx.lifecycle:lifecycle-process:2.3.0] AndroidManifest.xml:28:13-37
28            android:multiprocess="true" /> <!-- The activities will be merged into the manifest of the hosting app. -->
28-->[androidx.lifecycle:lifecycle-process:2.3.0] AndroidManifest.xml:29:13-40
29        <activity
29-->[com.google.android.play:core:1.9.1] AndroidManifest.xml:12:5-271
30            android:name="com.google.android.play.core.missingsplits.PlayCoreMissingSplitsActivity"
30-->[com.google.android.play:core:1.9.1] AndroidManifest.xml:12:15-102
31            android:enabled="false"
31-->[com.google.android.play:core:1.9.1] AndroidManifest.xml:12:103-126
32            android:exported="false"
32-->[com.google.android.play:core:1.9.1] AndroidManifest.xml:12:127-151
33            android:launchMode="singleInstance"
33-->[com.google.android.play:core:1.9.1] AndroidManifest.xml:12:204-239
34            android:process=":playcore_missing_splits_activity"
34-->[com.google.android.play:core:1.9.1] AndroidManifest.xml:12:152-203
35            android:stateNotNeeded="true" />
35-->[com.google.android.play:core:1.9.1] AndroidManifest.xml:12:240-269
36        <activity
36-->[com.google.android.play:core:1.9.1] AndroidManifest.xml:13:5-226
37            android:name="com.google.android.play.core.common.PlayCoreDialogWrapperActivity"
37-->[com.google.android.play:core:1.9.1] AndroidManifest.xml:13:15-95
38            android:enabled="false"
38-->[com.google.android.play:core:1.9.1] AndroidManifest.xml:13:96-119
39            android:exported="false"
39-->[com.google.android.play:core:1.9.1] AndroidManifest.xml:13:120-144
40            android:stateNotNeeded="true"
40-->[com.google.android.play:core:1.9.1] AndroidManifest.xml:13:145-174
41            android:theme="@style/Theme.PlayCore.Transparent" /> <!-- The services will be merged into the manifest of the hosting app. -->
41-->[com.google.android.play:core:1.9.1] AndroidManifest.xml:13:175-224
42        <service
42-->[com.google.android.play:core:1.9.1] AndroidManifest.xml:16:5-18:15
43            android:name="com.google.android.play.core.assetpacks.AssetPackExtractionService"
43-->[com.google.android.play:core:1.9.1] AndroidManifest.xml:16:14-95
44            android:enabled="false"
44-->[com.google.android.play:core:1.9.1] AndroidManifest.xml:16:96-119
45            android:exported="true" >
45-->[com.google.android.play:core:1.9.1] AndroidManifest.xml:16:120-143
46            <meta-data
46-->[com.google.android.play:core:1.9.1] AndroidManifest.xml:17:7-108
47                android:name="com.google.android.play.core.assetpacks.versionCode"
47-->[com.google.android.play:core:1.9.1] AndroidManifest.xml:17:18-84
48                android:value="10901" />
48-->[com.google.android.play:core:1.9.1] AndroidManifest.xml:17:85-106
49        </service>
50        <service
50-->[com.google.android.play:core:1.9.1] AndroidManifest.xml:19:5-147
51            android:name="com.google.android.play.core.assetpacks.ExtractionForegroundService"
51-->[com.google.android.play:core:1.9.1] AndroidManifest.xml:19:14-96
52            android:enabled="false"
52-->[com.google.android.play:core:1.9.1] AndroidManifest.xml:19:97-120
53            android:exported="false" />
53-->[com.google.android.play:core:1.9.1] AndroidManifest.xml:19:121-145
54    </application>
55
56</manifest>